
Showing logs for build [32mcb-kubecd-environment-pr-199-46-2g7jz-1[0m stage [32mfrom-build-pack[0m and container [32mstep-credential-initializer-cfmml[0m
{"level":"warn","ts":1586618580.4269457,"logger":"fallback-logger","caller":"logging/config.go:69","msg":"Fetch GitHub commit ID from kodata failed: \"ref: refs/heads/0.8.0-**-support-backwards-incompats\" is not a valid GitHub commit ID"}
{"level":"info","ts":1586618580.4287765,"logger":"fallback-logger","caller":"creds-init/main.go:40","msg":"Credentials initialized."}

Showing logs for build [32mcb-kubecd-environment-pr-199-46-2g7jz-1[0m stage [32mfrom-build-pack[0m and container [32mstep-working-dir-initializer-tssq7[0m
{"level":"warn","ts":1586618581.428462,"logger":"fallback-logger","caller":"logging/config.go:69","msg":"Fetch GitHub commit ID from kodata failed: open /var/run/ko/HEAD: no such file or directory"}
{"level":"info","ts":1586618581.4299548,"logger":"fallback-logger","caller":"bash/main.go:64","msg":"Successfully executed command \"sh -c mkdir -p /workspace/source\"; output "}

Showing logs for build [32mcb-kubecd-environment-pr-199-46-2g7jz-1[0m stage [32mfrom-build-pack[0m and container [32mstep-place-tools[0m

Showing logs for build [32mcb-kubecd-environment-pr-199-46-2g7jz-1[0m stage [32mfrom-build-pack[0m and container [32mstep-git-source-cb-kubecd-environment-pr-199-46-2g7jz-bxg97[0m
{"level":"warn","ts":1586618584.7425947,"logger":"fallback-logger","caller":"logging/config.go:69","msg":"Fetch GitHub commit ID from kodata failed: \"ref: refs/heads/0.8.0-**-support-backwards-incompats\" is not a valid GitHub commit ID"}
{"level":"info","ts":1586618585.8224962,"logger":"fallback-logger","caller":"git/git.go:103","msg":"Successfully cloned https://github.com/cb-kubecd/environment-pr-199-46-boot-vault-gke-staging.git @ master in path /workspace/source"}

Showing logs for build [32mcb-kubecd-environment-pr-199-46-2g7jz-1[0m stage [32mfrom-build-pack[0m and container [32mstep-git-merge[0m
Using SHAs from PULL_REFS=master:e620ef5fc86a6af12b3c9b80d7938137ece3bdec,3:bb1e55ecdc54662d4b052c27996250e6b9f36e2d
DEBUG: LC_ALL=C JX_LOG_LEVEL=error git fetch origin --unshallow bb1e55ecdc54662d4b052c27996250e6b9f36e2d: e620ef5fc86a6af12b3c9b80d7938137ece3bdec:
DEBUG: ran git fetch --unshallow origin bb1e55ecdc54662d4b052c27996250e6b9f36e2d: e620ef5fc86a6af12b3c9b80d7938137ece3bdec: in 
DEBUG: LC_ALL=C JX_LOG_LEVEL=error git branch
DEBUG: LC_ALL=C JX_LOG_LEVEL=error git checkout master
DEBUG: ran git checkout master in 
DEBUG: LC_ALL=C JX_LOG_LEVEL=error git reset --hard e620ef5fc86a6af12b3c9b80d7938137ece3bdec
DEBUG: ran git reset --hard e620ef5fc86a6af12b3c9b80d7938137ece3bdec in 
DEBUG: LC_ALL=C JX_LOG_LEVEL=error git clean -fd .
DEBUG: ran clean --force -d . in 
DEBUG: LC_ALL=C JX_LOG_LEVEL=error git merge bb1e55ecdc54662d4b052c27996250e6b9f36e2d
DEBUG: ran git merge bb1e55ecdc54662d4b052c27996250e6b9f36e2d in 
DEBUG: LC_ALL=C JX_LOG_LEVEL=error git log --format=%H%x1f%an%x1f%ae%x1f%cn%x1f%ce%x1f%s%n%b%x1e e620ef5fc86a6af12b3c9b80d7938137ece3bdec..HEAD
Merged SHA bb1e55ecdc54662d4b052c27996250e6b9f36e2d with commit message 'chore: Promote bdd-sbhg-1586617095 to version 0.0.1' into base branch master

Showing logs for build [32mcb-kubecd-environment-pr-199-46-2g7jz-1[0m stage [32mfrom-build-pack[0m and container [32mstep-build-helm-build[0m
WARNING: No $CHART_REPOSITORY defined so using the default value of: http://jenkins-x-chartmuseum:8080
Adding missing Helm repo: storage.googleapis.com https://storage.googleapis.com/chartmuseum.jenkins-x.io
WARNING: No secrets found on "helm/repos" due: reading the secret "helm/repos" from vault: no secret "helm/repos" not found in vault
Read credentials for https://storage.googleapis.com/chartmuseum.jenkins-x.io from vault helm/repos
Successfully added Helm repository storage.googleapis.com.
Adding missing Helm repo: jenkins-x-chartmuseum http://jenkins-x-chartmuseum:8080
WARNING: No secrets found on "helm/repos" due: reading the secret "helm/repos" from vault: no secret "helm/repos" not found in vault
Read credentials for http://jenkins-x-chartmuseum:8080 from vault helm/repos
Successfully added Helm repository jenkins-x-chartmuseum.
WARNING: No $CHART_REPOSITORY defined so using the default value of: http://jenkins-x-chartmuseum:8080
Adding missing Helm repo: chartmuseum.jenkins-x.io http://chartmuseum.jenkins-x.io
WARNING: No secrets found on "helm/repos" due: reading the secret "helm/repos" from vault: no secret "helm/repos" not found in vault
Read credentials for http://chartmuseum.jenkins-x.io from vault helm/repos
Successfully added Helm repository chartmuseum.jenkins-x.io.
