
Showing logs for build [32mcb-kubecd-environment-pr-199-46-8h4pz-1[0m stage [32mfrom-build-pack[0m and container [32mstep-credential-initializer-qqjtn[0m
{"level":"warn","ts":1586619580.7352169,"logger":"fallback-logger","caller":"logging/config.go:69","msg":"Fetch GitHub commit ID from kodata failed: \"ref: refs/heads/0.8.0-**-support-backwards-incompats\" is not a valid GitHub commit ID"}
{"level":"info","ts":1586619580.7360396,"logger":"fallback-logger","caller":"creds-init/main.go:40","msg":"Credentials initialized."}

Showing logs for build [32mcb-kubecd-environment-pr-199-46-8h4pz-1[0m stage [32mfrom-build-pack[0m and container [32mstep-working-dir-initializer-jzxzj[0m
{"level":"warn","ts":1586619581.7475336,"logger":"fallback-logger","caller":"logging/config.go:69","msg":"Fetch GitHub commit ID from kodata failed: open /var/run/ko/HEAD: no such file or directory"}
{"level":"info","ts":1586619581.7487967,"logger":"fallback-logger","caller":"bash/main.go:64","msg":"Successfully executed command \"sh -c mkdir -p /workspace/source\"; output "}

Showing logs for build [32mcb-kubecd-environment-pr-199-46-8h4pz-1[0m stage [32mfrom-build-pack[0m and container [32mstep-place-tools[0m

Showing logs for build [32mcb-kubecd-environment-pr-199-46-8h4pz-1[0m stage [32mfrom-build-pack[0m and container [32mstep-git-source-cb-kubecd-environment-pr-199-46-8h4pz-vd55d[0m
{"level":"warn","ts":1586619585.9531307,"logger":"fallback-logger","caller":"logging/config.go:69","msg":"Fetch GitHub commit ID from kodata failed: \"ref: refs/heads/0.8.0-**-support-backwards-incompats\" is not a valid GitHub commit ID"}
{"level":"info","ts":1586619586.9836357,"logger":"fallback-logger","caller":"git/git.go:103","msg":"Successfully cloned https://github.com/cb-kubecd/environment-pr-199-46-boot-vault-gke-staging.git @ master in path /workspace/source"}

Showing logs for build [32mcb-kubecd-environment-pr-199-46-8h4pz-1[0m stage [32mfrom-build-pack[0m and container [32mstep-git-merge[0m
Using SHAs from PULL_REFS=master:283b5e8ea9c5aa2d2f2d3842aea6ed1f8b9e9674,4:66471c0e5317ae5e4b755d3fd31c765dbc94e426
DEBUG: LC_ALL=C JX_LOG_LEVEL=error git fetch origin --unshallow 66471c0e5317ae5e4b755d3fd31c765dbc94e426: 283b5e8ea9c5aa2d2f2d3842aea6ed1f8b9e9674:
DEBUG: ran git fetch --unshallow origin 66471c0e5317ae5e4b755d3fd31c765dbc94e426: 283b5e8ea9c5aa2d2f2d3842aea6ed1f8b9e9674: in 
DEBUG: LC_ALL=C JX_LOG_LEVEL=error git branch
DEBUG: LC_ALL=C JX_LOG_LEVEL=error git checkout master
DEBUG: ran git checkout master in 
DEBUG: LC_ALL=C JX_LOG_LEVEL=error git reset --hard 283b5e8ea9c5aa2d2f2d3842aea6ed1f8b9e9674
DEBUG: ran git reset --hard 283b5e8ea9c5aa2d2f2d3842aea6ed1f8b9e9674 in 
DEBUG: LC_ALL=C JX_LOG_LEVEL=error git clean -fd .
DEBUG: ran clean --force -d . in 
DEBUG: LC_ALL=C JX_LOG_LEVEL=error git merge 66471c0e5317ae5e4b755d3fd31c765dbc94e426
DEBUG: ran git merge 66471c0e5317ae5e4b755d3fd31c765dbc94e426 in 
DEBUG: LC_ALL=C JX_LOG_LEVEL=error git log --format=%H%x1f%an%x1f%ae%x1f%cn%x1f%ce%x1f%s%n%b%x1e 283b5e8ea9c5aa2d2f2d3842aea6ed1f8b9e9674..HEAD
Merged SHA 66471c0e5317ae5e4b755d3fd31c765dbc94e426 with commit message 'chore: Promote bdd-nh-1586617095 to version 0.0.1' into base branch master

Showing logs for build [32mcb-kubecd-environment-pr-199-46-8h4pz-1[0m stage [32mfrom-build-pack[0m and container [32mstep-build-helm-build[0m
WARNING: No $CHART_REPOSITORY defined so using the default value of: http://jenkins-x-chartmuseum:8080
Adding missing Helm repo: storage.googleapis.com https://storage.googleapis.com/chartmuseum.jenkins-x.io
WARNING: No secrets found on "helm/repos" due: reading the secret "helm/repos" from vault: no secret "helm/repos" not found in vault
Read credentials for https://storage.googleapis.com/chartmuseum.jenkins-x.io from vault helm/repos
Successfully added Helm repository storage.googleapis.com.
Adding missing Helm repo: jenkins-x-chartmuseum http://jenkins-x-chartmuseum:8080
WARNING: No secrets found on "helm/repos" due: reading the secret "helm/repos" from vault: no secret "helm/repos" not found in vault
Read credentials for http://jenkins-x-chartmuseum:8080 from vault helm/repos
Successfully added Helm repository jenkins-x-chartmuseum.
WARNING: No $CHART_REPOSITORY defined so using the default value of: http://jenkins-x-chartmuseum:8080
Adding missing Helm repo: chartmuseum.jenkins-x.io http://chartmuseum.jenkins-x.io
WARNING: No secrets found on "helm/repos" due: reading the secret "helm/repos" from vault: no secret "helm/repos" not found in vault
Read credentials for http://chartmuseum.jenkins-x.io from vault helm/repos
Successfully added Helm repository chartmuseum.jenkins-x.io.
